# JRE version: Java(TM) SE Runtime Environment (17.0.12+8) (build 17.0.12+8-LTS-286)
# Java VM: Java HotSpot(TM) 64-Bit Server VM (17.0.12+8-LTS-286, mixed mode, sharing, tiered, compressed oops, compressed class ptrs, g1 gc, windows-amd64)
GC Precious Log:
 CPUs: 8 total, 8 available
 Memory: 16220M
 Large Page Support: Disabled
 NUMA Support: Disabled
 Compressed Oops: Enabled (Zero based)
 Heap Region Size: 2M
 Heap Min Capacity: 8M
 Heap Initial Capacity: 254M
 Heap Max Capacity: 4056M
 Pre-touch: Disabled
 Parallel Workers: 8
 Concurrent Workers: 2
 Concurrent Refinement Workers: 8
 Periodic GC: Disabled
Heap:
 garbage-first heap   total 122880K, used 41800K [0x0000000702800000, 0x0000000800000000)
  region size 2048K, 7 young (14336K), 1 survivors (2048K)
 Metaspace       used 28078K, committed 28416K, reserved 1114112K
  class space    used 3254K, committed 3392K, reserved 1048576K
GC Heap History (16 events):
Event: 1.493 GC heap before
{Heap before GC invocations=0 (full 0):
 garbage-first heap   total 260096K, used 22528K [0x0000000702800000, 0x0000000800000000)
  region size 2048K, 11 young (22528K), 0 survivors (0K)
 Metaspace       used 5350K, committed 5568K, reserved 1114112K
  class space    used 646K, committed 768K, reserved 1048576K
}
Event: 1.503 GC heap after
{Heap after GC invocations=1 (full 0):
 garbage-first heap   total 260096K, used 3693K [0x0000000702800000, 0x0000000800000000)
  region size 2048K, 2 young (4096K), 2 survivors (4096K)
 Metaspace       used 5350K, committed 5568K, reserved 1114112K
  class space    used 646K, committed 768K, reserved 1048576K
}
Event: 2.806 GC heap before
{Heap before GC invocations=1 (full 0):
 garbage-first heap   total 260096K, used 34413K [0x0000000702800000, 0x0000000800000000)
  region size 2048K, 17 young (34816K), 2 survivors (4096K)
 Metaspace       used 8722K, committed 8896K, reserved 1114112K
  class space    used 1060K, committed 1152K, reserved 1048576K
}
Event: 2.813 GC heap after
{Heap after GC invocations=2 (full 0):
 garbage-first heap   total 260096K, used 4990K [0x0000000702800000, 0x0000000800000000)
  region size 2048K, 1 young (2048K), 1 survivors (2048K)
 Metaspace       used 8722K, committed 8896K, reserved 1114112K
  class space    used 1060K, committed 1152K, reserved 1048576K
}
Event: 9.215 GC heap before
{Heap before GC invocations=2 (full 0):
 garbage-first heap   total 260096K, used 144254K [0x0000000702800000, 0x0000000800000000)
  region size 2048K, 70 young (143360K), 1 survivors (2048K)
 Metaspace       used 21290K, committed 21504K, reserved 1114112K
  class space    used 2529K, committed 2624K, reserved 1048576K
}
Event: 9.239 GC heap after
{Heap after GC invocations=3 (full 0):
 garbage-first heap   total 260096K, used 15212K [0x0000000702800000, 0x0000000800000000)
  region size 2048K, 6 young (12288K), 6 survivors (12288K)
 Metaspace       used 21290K, committed 21504K, reserved 1114112K
  class space    used 2529K, committed 2624K, reserved 1048576K
}
Event: 10.309 GC heap before
{Heap before GC invocations=4 (full 0):
 garbage-first heap   total 61440K, used 39788K [0x0000000702800000, 0x0000000800000000)
  region size 2048K, 18 young (36864K), 6 survivors (12288K)
 Metaspace       used 24979K, committed 25280K, reserved 1114112K
  class space    used 2913K, committed 3072K, reserved 1048576K
}
Event: 10.339 GC heap after
{Heap after GC invocations=5 (full 0):
 garbage-first heap   total 63488K, used 25493K [0x0000000702800000, 0x0000000800000000)
  region size 2048K, 3 young (6144K), 3 survivors (6144K)
 Metaspace       used 24979K, committed 25280K, reserved 1114112K
  class space    used 2913K, committed 3072K, reserved 1048576K
}
Event: 10.432 GC heap before
{Heap before GC invocations=5 (full 0):
 garbage-first heap   total 63488K, used 27541K [0x0000000702800000, 0x0000000800000000)
  region size 2048K, 4 young (8192K), 3 survivors (6144K)
 Metaspace       used 24985K, committed 25280K, reserved 1114112K
  class space    used 2913K, committed 3072K, reserved 1048576K
}
Event: 10.447 GC heap after
{Heap after GC invocations=6 (full 0):
 garbage-first heap   total 63488K, used 26856K [0x0000000702800000, 0x0000000800000000)
  region size 2048K, 1 young (2048K), 1 survivors (2048K)
 Metaspace       used 24985K, committed 25280K, reserved 1114112K
  class space    used 2913K, committed 3072K, reserved 1048576K
}
Event: 11.070 GC heap before
{Heap before GC invocations=6 (full 0):
 garbage-first heap   total 63488K, used 43240K [0x0000000702800000, 0x0000000800000000)
  region size 2048K, 9 young (18432K), 1 survivors (2048K)
 Metaspace       used 25594K, committed 25856K, reserved 1114112K
  class space    used 2982K, committed 3072K, reserved 1048576K
}
Event: 11.086 GC heap after
{Heap after GC invocations=7 (full 0):
 garbage-first heap   total 63488K, used 29238K [0x0000000702800000, 0x0000000800000000)
  region size 2048K, 2 young (4096K), 2 survivors (4096K)
 Metaspace       used 25594K, committed 25856K, reserved 1114112K
  class space    used 2982K, committed 3072K, reserved 1048576K
}
Event: 12.199 GC heap before
{Heap before GC invocations=7 (full 0):
 garbage-first heap   total 63488K, used 41526K [0x0000000702800000, 0x0000000800000000)
  region size 2048K, 9 young (18432K), 2 survivors (4096K)
 Metaspace       used 26485K, committed 26816K, reserved 1114112K
  class space    used 3077K, committed 3200K, reserved 1048576K
}
Event: 12.221 GC heap after
{Heap after GC invocations=8 (full 0):
 garbage-first heap   total 63488K, used 30978K [0x0000000702800000, 0x0000000800000000)
  region size 2048K, 1 young (2048K), 1 survivors (2048K)
 Metaspace       used 26485K, committed 26816K, reserved 1114112K
  class space    used 3077K, committed 3200K, reserved 1048576K
}
Event: 12.894 GC heap before
{Heap before GC invocations=8 (full 0):
 garbage-first heap   total 63488K, used 43266K [0x0000000702800000, 0x0000000800000000)
  region size 2048K, 8 young (16384K), 1 survivors (2048K)
 Metaspace       used 27154K, committed 27456K, reserved 1114112K
  class space    used 3158K, committed 3264K, reserved 1048576K
}
Event: 12.906 GC heap after
{Heap after GC invocations=9 (full 0):
 garbage-first heap   total 161792K, used 31560K [0x0000000702800000, 0x0000000800000000)
  region size 2048K, 1 young (2048K), 1 survivors (2048K)
 Metaspace       used 27154K, committed 27456K, reserved 1114112K
  class space    used 3158K, committed 3264K, reserved 1048576K
}

